{
  "RSpec": {
    "coverage": {
      "/Users/mikeheft/turing/mod3/projects/pivot_project/config/environment.rb": [
        null,
        1,
        null,
        null,
        1
      ],
      "/Users/mikeheft/turing/mod3/projects/pivot_project/config/application.rb": [
        1,
        null,
        1,
        null,
        1,
        1,
        1,
        1,
        1,
        1,
        1,
        1,
        null,
        null,
        null,
        null,
        1,
        null,
        1,
        1,
        null,
        1,
        null,
        null,
        null,
        null,
        null,
        null,
        1,
        null,
        null
      ],
      "/Users/mikeheft/turing/mod3/projects/pivot_project/config/boot.rb": [
        1,
        null,
        1
      ],
      "/Users/mikeheft/turing/mod3/projects/pivot_project/config/environments/test.rb": [
        1,
        null,
        null,
        null,
        null,
        null,
        null,
        1,
        null,
        null,
        null,
        null,
        1,
        null,
        null,
        1,
        1,
        null,
        null,
        null,
        null,
        1,
        1,
        null,
        null,
        1,
        null,
        null,
        1,
        1,
        null,
        null,
        null,
        null,
        1,
        null,
        null,
        1,
        null,
        null,
        null,
        null
      ],
      "/Users/mikeheft/turing/mod3/projects/pivot_project/config/initializers/application_controller_renderer.rb": [
        null,
        null,
        null,
        null,
        null,
        null,
        null,
        null
      ],
      "/Users/mikeheft/turing/mod3/projects/pivot_project/config/initializers/assets.rb": [
        null,
        null,
        null,
        1,
        null,
        null,
        null,
        null,
        1,
        null,
        null,
        null,
        null,
        null
      ],
      "/Users/mikeheft/turing/mod3/projects/pivot_project/config/initializers/backtrace_silencers.rb": [
        null,
        null,
        null,
        null,
        null,
        null,
        null
      ],
      "/Users/mikeheft/turing/mod3/projects/pivot_project/config/initializers/cookies_serializer.rb": [
        null,
        null,
        null,
        null,
        1
      ],
      "/Users/mikeheft/turing/mod3/projects/pivot_project/config/initializers/filter_parameter_logging.rb": [
        null,
        null,
        null,
        1
      ],
      "/Users/mikeheft/turing/mod3/projects/pivot_project/config/initializers/inflections.rb": [
        null,
        null,
        null,
        null,
        null,
        null,
        null,
        null,
        null,
        null,
        null,
        null,
        null,
        null,
        null,
        null
      ],
      "/Users/mikeheft/turing/mod3/projects/pivot_project/config/initializers/mime_types.rb": [
        null,
        null,
        null,
        null
      ],
      "/Users/mikeheft/turing/mod3/projects/pivot_project/config/initializers/simple_form.rb": [
        null,
        1,
        null,
        null,
        null,
        null,
        null,
        1,
        null,
        null,
        null,
        null,
        null,
        null,
        null,
        null,
        null,
        1,
        null,
        null,
        null,
        1,
        null,
        null,
        null,
        null,
        null,
        null,
        null,
        null,
        null,
        1,
        null,
        null,
        1,
        null,
        null,
        1,
        null,
        null,
        1,
        null,
        null,
        1,
        null,
        null,
        1,
        1,
        1,
        null,
        null,
        null,
        null,
        null,
        null,
        null,
        null,
        null,
        1,
        null,
        null,
        null,
        null,
        null,
        1,
        null,
        null,
        1,
        null,
        null,
        null,
        null,
        null,
        null,
        null,
        1,
        null,
        null,
        1,
        null,
        null,
        null,
        null,
        null,
        null,
        null,
        null,
        null,
        null,
        null,
        null,
        null,
        null,
        null,
        null,
        null,
        null,
        null,
        null,
        null,
        null,
        null,
        null,
        null,
        null,
        null,
        null,
        null,
        null,
        null,
        null,
        null,
        null,
        null,
        null,
        null,
        null,
        null,
        null,
        null,
        null,
        null,
        null,
        1,
        null,
        null,
        null,
        null,
        null,
        null,
        null,
        null,
        null,
        null,
        null,
        null,
        null,
        null,
        null,
        null,
        null,
        null,
        null,
        null,
        null,
        null,
        null,
        null,
        null,
        null,
        null,
        null,
        null,
        null,
        null,
        null,
        null,
        null,
        null,
        null,
        1,
        null,
        null,
        null,
        null,
        null,
        null,
        null,
        null
      ],
      "/Users/mikeheft/turing/mod3/projects/pivot_project/config/initializers/simple_form_materialize.rb": [
        null,
        1,
        1,
        1,
        1,
        1,
        1,
        null,
        1,
        1,
        1,
        1,
        1,
        1,
        1,
        1,
        1,
        1,
        1,
        null,
        null,
        1,
        1,
        1,
        1,
        1,
        1,
        1,
        1,
        1,
        1,
        1,
        null,
        null,
        1,
        1,
        1,
        null,
        1,
        1,
        1,
        1,
        null,
        null,
        1,
        1,
        1,
        null,
        1,
        1,
        1,
        1,
        null,
        null,
        1,
        1,
        null,
        null,
        1,
        1,
        1,
        1,
        1,
        1,
        1,
        null,
        null,
        1,
        1,
        null,
        1,
        1,
        1,
        null,
        null,
        1,
        1,
        null,
        null,
        1,
        1,
        null,
        null,
        1,
        1,
        null,
        1,
        1,
        1,
        null,
        null,
        1,
        1,
        null,
        null,
        1,
        1,
        null,
        null,
        1,
        1,
        null,
        null,
        null,
        null,
        null,
        null,
        null
      ],
      "/Users/mikeheft/turing/mod3/projects/pivot_project/config/initializers/wrap_parameters.rb": [
        null,
        null,
        null,
        null,
        null,
        null,
        1,
        2,
        null,
        null,
        null,
        null,
        null,
        null
      ],
      "/Users/mikeheft/turing/mod3/projects/pivot_project/config/routes.rb": [
        1,
        null,
        1,
        null,
        null,
        null,
        1,
        null,
        1,
        null,
        1,
        null,
        1,
        null,
        1,
        1,
        1,
        1,
        1,
        null,
        null,
        null,
        1,
        1,
        1,
        1,
        null,
        null,
        1,
        1,
        1,
        1,
        null,
        1,
        1,
        1,
        null,
        null
      ],
      "/Users/mikeheft/turing/mod3/projects/pivot_project/app/helpers/admin_helper.rb": [
        1,
        null
      ],
      "/Users/mikeheft/turing/mod3/projects/pivot_project/app/helpers/application_helper.rb": [
        1,
        null
      ],
      "/Users/mikeheft/turing/mod3/projects/pivot_project/app/models/cart.rb": [
        1,
        1,
        null,
        1,
        146,
        null,
        null,
        1,
        20,
        null,
        null,
        1,
        3,
        3,
        2,
        null,
        null,
        null,
        1,
        31,
        23,
        null,
        null,
        null,
        1,
        9,
        null,
        null,
        1,
        216,
        null,
        null,
        1,
        14,
        14,
        10,
        null,
        14,
        null,
        null,
        null
      ],
      "/Users/mikeheft/turing/mod3/projects/pivot_project/app/models/category.rb": [
        1,
        null,
        1,
        1,
        null
      ],
      "/Users/mikeheft/turing/mod3/projects/pivot_project/app/models/application_record.rb": [
        1,
        1,
        null
      ],
      "/Users/mikeheft/turing/mod3/projects/pivot_project/app/models/item_order.rb": [
        1,
        1,
        1,
        null
      ],
      "/Users/mikeheft/turing/mod3/projects/pivot_project/app/models/item.rb": [
        1,
        1,
        1,
        1,
        null,
        1,
        1,
        1,
        null,
        1,
        1,
        null,
        null
      ],
      "/Users/mikeheft/turing/mod3/projects/pivot_project/app/models/order.rb": [
        1,
        1,
        1,
        1,
        1,
        null,
        19,
        19,
        19,
        19,
        null,
        1,
        1,
        1,
        1,
        1,
        null,
        null,
        1,
        null,
        null,
        1,
        56,
        56,
        88,
        null,
        56,
        null,
        null,
        1,
        101,
        null,
        null,
        1,
        7,
        null,
        null,
        1,
        2,
        null,
        null
      ],
      "/Users/mikeheft/turing/mod3/projects/pivot_project/app/models/user.rb": [
        1,
        1,
        1,
        1,
        null,
        1,
        1,
        null,
        1,
        2,
        null,
        null
      ],
      "/Users/mikeheft/turing/mod3/projects/pivot_project/app/controllers/application_controller.rb": [
        1,
        1,
        1,
        1,
        1,
        1,
        null,
        null,
        null,
        1,
        140,
        null,
        null,
        1,
        140,
        null,
        null,
        1,
        431,
        null,
        null,
        1,
        21,
        null,
        null,
        1,
        219,
        null,
        null
      ],
      "/Users/mikeheft/turing/mod3/projects/pivot_project/app/controllers/admin/items_controller.rb": [
        1,
        1,
        5,
        null,
        null,
        1,
        4,
        null,
        null,
        1,
        3,
        3,
        0,
        null,
        3,
        2,
        2,
        null,
        1,
        1,
        null,
        null,
        null,
        1,
        1,
        null,
        null,
        1,
        1,
        1,
        0,
        null,
        1,
        1,
        null,
        0,
        null,
        null,
        null,
        1,
        1,
        4,
        null,
        null,
        null
      ],
      "/Users/mikeheft/turing/mod3/projects/pivot_project/app/controllers/admin/base_controller.rb": [
        1,
        1,
        null,
        1,
        43,
        null,
        null
      ],
      "/Users/mikeheft/turing/mod3/projects/pivot_project/app/controllers/items_controller.rb": [
        1,
        1,
        null,
        1,
        5,
        null,
        null,
        1,
        null,
        null,
        null,
        1,
        null,
        1,
        15,
        null,
        null,
        null
      ],
      "/Users/mikeheft/turing/mod3/projects/pivot_project/app/controllers/admin/dashboard_controller.rb": [
        1,
        null,
        1,
        17,
        17,
        1,
        16,
        1,
        15,
        1,
        14,
        1,
        13,
        1,
        null,
        12,
        null,
        null,
        null,
        null
      ],
      "/Users/mikeheft/turing/mod3/projects/pivot_project/app/controllers/admin/users_controller.rb": [
        1,
        null,
        1,
        4,
        1,
        null,
        null,
        null,
        1,
        2,
        1,
        1,
        null,
        1,
        1,
        null,
        null,
        null,
        1,
        null,
        1,
        2,
        null,
        null,
        null
      ],
      "/Users/mikeheft/turing/mod3/projects/pivot_project/app/controllers/admin/orders_controller.rb": [
        null,
        1,
        null,
        1,
        1,
        null,
        null
      ],
      "/Users/mikeheft/turing/mod3/projects/pivot_project/app/controllers/orders_controller.rb": [
        null,
        1,
        1,
        1,
        null,
        1,
        4,
        4,
        null,
        0,
        null,
        null,
        null,
        1,
        3,
        3,
        null,
        null,
        1,
        2,
        2,
        1,
        1,
        null,
        1,
        1,
        1,
        1,
        null,
        null,
        null,
        1,
        2,
        2,
        null,
        null,
        1,
        1,
        1,
        null,
        null,
        1,
        1,
        1,
        null,
        null,
        null
      ],
      "/Users/mikeheft/turing/mod3/projects/pivot_project/app/controllers/welcome_controller.rb": [
        1,
        1,
        11,
        11,
        11,
        null,
        null
      ],
      "/Users/mikeheft/turing/mod3/projects/pivot_project/app/controllers/sessions_controller.rb": [
        1,
        1,
        null,
        null,
        1,
        5,
        5,
        3,
        3,
        3,
        2,
        1,
        1,
        1,
        null,
        1,
        1,
        null,
        null,
        null,
        1,
        1,
        1,
        null,
        null,
        1,
        1,
        7,
        null,
        null,
        null
      ],
      "/Users/mikeheft/turing/mod3/projects/pivot_project/app/controllers/carts_controller.rb": [
        1,
        1,
        null,
        1,
        13,
        13,
        null,
        null,
        1,
        1,
        1,
        1,
        1,
        1,
        null,
        null,
        1,
        8,
        null,
        8,
        8,
        null,
        8,
        null,
        8,
        null,
        null,
        1,
        2,
        2,
        2,
        2,
        2,
        2,
        null,
        null
      ],
      "/Users/mikeheft/turing/mod3/projects/pivot_project/app/controllers/categories_controller.rb": [
        null,
        null,
        1,
        null,
        1,
        2,
        null,
        null,
        null
      ],
      "/Users/mikeheft/turing/mod3/projects/pivot_project/app/controllers/users_controller.rb": [
        1,
        1,
        null,
        1,
        null,
        null,
        null,
        null,
        1,
        4,
        1,
        null,
        null,
        null,
        1,
        4,
        4,
        3,
        3,
        3,
        null,
        1,
        null,
        null,
        null,
        1,
        2,
        1,
        1,
        null,
        1,
        1,
        null,
        null,
        null,
        null,
        1,
        null,
        1,
        6,
        null,
        null,
        null
      ]
    },
    "timestamp": 1508187997
  }
}
